[INFO  - 2018-08-07T09:09:25.177Z] GhostDriver - Main - running on port 34861
[INFO  - 2018-08-07T09:09:26.116Z] Session [951d6510-9a21-11e8-bd50-c58c612d3d24] - page.settings - {"XSSAuditingEnabled":false,"javascriptCanCloseWindows":true,"javascriptCanOpenWindows":true,"javascriptEnabled":true,"loadImages":false,"localToRemoteUrlAccessEnabled":false,"userAgent":"Mozilla/5.0 (X11; Linux x86_64) AppleWebKit/537.36 (KHTML, like Gecko) Chrome/66.0.3359.181 Safari/537.36","webSecurityEnabled":true}
[INFO  - 2018-08-07T09:09:26.116Z] Session [951d6510-9a21-11e8-bd50-c58c612d3d24] - page.customHeaders:  - {"User-Agent":"Mozilla/5.0 (X11; Linux x86_64) AppleWebKit/537.36 (KHTML, like Gecko) Chrome/66.0.3359.181 Safari/537.36"}
[INFO  - 2018-08-07T09:09:26.116Z] Session [951d6510-9a21-11e8-bd50-c58c612d3d24] - Session.negotiatedCapabilities - {"browserName":"phantomjs","version":"2.1.1","driverName":"ghostdriver","driverVersion":"1.2.0","platform":"linux-unknown-64bit","javascriptEnabled":true,"takesScreenshot":true,"handlesAlerts":false,"databaseEnabled":false,"locationContextEnabled":false,"applicationCacheEnabled":false,"browserConnectionEnabled":false,"cssSelectorsEnabled":true,"webStorageEnabled":false,"rotatable":false,"acceptSslCerts":false,"nativeEvents":true,"proxy":{"proxyType":"direct"},"phantomjs.page.settings.userAgent":"Mozilla/5.0 (X11; Linux x86_64) AppleWebKit/537.36 (KHTML, like Gecko) Chrome/66.0.3359.181 Safari/537.36","phantomjs.page.settings.loadImages":false,"phantomjs.page.customHeaders.User-Agent":"Mozilla/5.0 (X11; Linux x86_64) AppleWebKit/537.36 (KHTML, like Gecko) Chrome/66.0.3359.181 Safari/537.36","phantomjs.page.settings.disk-cache":false,"phantomjs.page.settings.resourceTimeout":10}
[INFO  - 2018-08-07T09:09:26.116Z] SessionManagerReqHand - _postNewSessionCommand - New Session Created: 951d6510-9a21-11e8-bd50-c58c612d3d24
[ERROR - 2018-08-07T09:09:26.865Z] Session [951d6510-9a21-11e8-bd50-c58c612d3d24] - page.onError - msg: TypeError: undefined is not an object (evaluating 'data.comments.length')

  phantomjs://platform/console++.js:263 in error
[ERROR - 2018-08-07T09:09:26.865Z] Session [951d6510-9a21-11e8-bd50-c58c612d3d24] - page.onError - stack:
  (anonymous function) (http://webscan.360.cn/index/checkwebsite?url=1026.cf:700)
  resolveWith (http://webscan.360.cn/js/jquery.min.js:16)
  w (http://webscan.360.cn/js/jquery.min.js:18)
  d (http://webscan.360.cn/js/jquery.min.js:18)

  phantomjs://platform/console++.js:263 in error
[ERROR - 2018-08-07T09:09:42.381Z] Session [951d6510-9a21-11e8-bd50-c58c612d3d24] - page.onError - msg: TypeError: undefined is not an object (evaluating 'data.comments.length')

  phantomjs://platform/console++.js:263 in error
[ERROR - 2018-08-07T09:09:42.382Z] Session [951d6510-9a21-11e8-bd50-c58c612d3d24] - page.onError - stack:
  (anonymous function) (http://webscan.360.cn/index/checkwebsite?url=2xbxbcom.cn:700)
  resolveWith (http://webscan.360.cn/js/jquery.min.js:16)
  w (http://webscan.360.cn/js/jquery.min.js:18)
  d (http://webscan.360.cn/js/jquery.min.js:18)

  phantomjs://platform/console++.js:263 in error
[ERROR - 2018-08-07T09:11:27.937Z] Session [951d6510-9a21-11e8-bd50-c58c612d3d24] - page.onError - msg: TypeError: undefined is not an object (evaluating 'data.comments.length')

  phantomjs://platform/console++.js:263 in error
[ERROR - 2018-08-07T09:11:27.937Z] Session [951d6510-9a21-11e8-bd50-c58c612d3d24] - page.onError - stack:
  (anonymous function) (http://webscan.360.cn/index/checkwebsite?url=api.xinkuai.com:700)
  resolveWith (http://webscan.360.cn/js/jquery.min.js:16)
  w (http://webscan.360.cn/js/jquery.min.js:18)
  d (http://webscan.360.cn/js/jquery.min.js:18)

  phantomjs://platform/console++.js:263 in error
[ERROR - 2018-08-07T09:11:58.674Z] Session [951d6510-9a21-11e8-bd50-c58c612d3d24] - page.onError - msg: TypeError: undefined is not an object (evaluating 'data.comments.length')

  phantomjs://platform/console++.js:263 in error
[ERROR - 2018-08-07T09:11:58.674Z] Session [951d6510-9a21-11e8-bd50-c58c612d3d24] - page.onError - stack:
  (anonymous function) (http://webscan.360.cn/index/checkwebsite?url=bdxcp.com:700)
  resolveWith (http://webscan.360.cn/js/jquery.min.js:16)
  w (http://webscan.360.cn/js/jquery.min.js:18)
  d (http://webscan.360.cn/js/jquery.min.js:18)

  phantomjs://platform/console++.js:263 in error
[ERROR - 2018-08-07T09:12:14.321Z] Session [951d6510-9a21-11e8-bd50-c58c612d3d24] - page.onError - msg: TypeError: undefined is not an object (evaluating 'data.comments.length')

  phantomjs://platform/console++.js:263 in error
[ERROR - 2018-08-07T09:12:14.321Z] Session [951d6510-9a21-11e8-bd50-c58c612d3d24] - page.onError - stack:
  (anonymous function) (http://webscan.360.cn/index/checkwebsite?url=brand-001.com:703)
  resolveWith (http://webscan.360.cn/js/jquery.min.js:16)
  w (http://webscan.360.cn/js/jquery.min.js:18)
  d (http://webscan.360.cn/js/jquery.min.js:18)

  phantomjs://platform/console++.js:263 in error
[ERROR - 2018-08-07T09:12:45.430Z] Session [951d6510-9a21-11e8-bd50-c58c612d3d24] - page.onError - msg: TypeError: undefined is not an object (evaluating 'data.comments.length')

  phantomjs://platform/console++.js:263 in error
[ERROR - 2018-08-07T09:12:45.430Z] Session [951d6510-9a21-11e8-bd50-c58c612d3d24] - page.onError - stack:
  (anonymous function) (http://webscan.360.cn/index/checkwebsite?url=cc.hxihao.com:700)
  resolveWith (http://webscan.360.cn/js/jquery.min.js:16)
  w (http://webscan.360.cn/js/jquery.min.js:18)
  d (http://webscan.360.cn/js/jquery.min.js:18)

  phantomjs://platform/console++.js:263 in error
[ERROR - 2018-08-07T09:13:30.945Z] Session [951d6510-9a21-11e8-bd50-c58c612d3d24] - page.onError - msg: TypeError: undefined is not an object (evaluating 'data.comments.length')

  phantomjs://platform/console++.js:263 in error
[ERROR - 2018-08-07T09:13:30.945Z] Session [951d6510-9a21-11e8-bd50-c58c612d3d24] - page.onError - stack:
  (anonymous function) (http://webscan.360.cn/index/checkwebsite?url=cms.cfniu.com.cn:700)
  resolveWith (http://webscan.360.cn/js/jquery.min.js:16)
  w (http://webscan.360.cn/js/jquery.min.js:18)
  d (http://webscan.360.cn/js/jquery.min.js:18)

  phantomjs://platform/console++.js:263 in error
[ERROR - 2018-08-07T09:14:01.740Z] Session [951d6510-9a21-11e8-bd50-c58c612d3d24] - page.onError - msg: TypeError: undefined is not an object (evaluating 'data.comments.length')

  phantomjs://platform/console++.js:263 in error
[ERROR - 2018-08-07T09:14:01.740Z] Session [951d6510-9a21-11e8-bd50-c58c612d3d24] - page.onError - stack:
  (anonymous function) (http://webscan.360.cn/index/checkwebsite?url=dell.com:707)
  resolveWith (http://webscan.360.cn/js/jquery.min.js:16)
  w (http://webscan.360.cn/js/jquery.min.js:18)
  d (http://webscan.360.cn/js/jquery.min.js:18)

  phantomjs://platform/console++.js:263 in error
[ERROR - 2018-08-07T09:14:17.717Z] Session [951d6510-9a21-11e8-bd50-c58c612d3d24] - page.onError - msg: TypeError: undefined is not an object (evaluating 'data.comments.length')

  phantomjs://platform/console++.js:263 in error
[ERROR - 2018-08-07T09:14:17.718Z] Session [951d6510-9a21-11e8-bd50-c58c612d3d24] - page.onError - stack:
  (anonymous function) (http://webscan.360.cn/index/checkwebsite?url=e.bocins.com:728)
  resolveWith (http://webscan.360.cn/js/jquery.min.js:16)
  w (http://webscan.360.cn/js/jquery.min.js:18)
  d (http://webscan.360.cn/js/jquery.min.js:18)

  phantomjs://platform/console++.js:263 in error
[INFO  - 2018-08-07T09:14:25.323Z] SessionManagerReqHand - _cleanupWindowlessSessions - Asynchronous Sessions clean-up phase starting NOW
[ERROR - 2018-08-07T09:14:33.618Z] Session [951d6510-9a21-11e8-bd50-c58c612d3d24] - page.onError - msg: TypeError: undefined is not an object (evaluating 'data.comments.length')

  phantomjs://platform/console++.js:263 in error
[ERROR - 2018-08-07T09:14:33.619Z] Session [951d6510-9a21-11e8-bd50-c58c612d3d24] - page.onError - stack:
  (anonymous function) (http://webscan.360.cn/index/checkwebsite?url=esim.seecom.com.cn:700)
  resolveWith (http://webscan.360.cn/js/jquery.min.js:16)
  w (http://webscan.360.cn/js/jquery.min.js:18)
  d (http://webscan.360.cn/js/jquery.min.js:18)

  phantomjs://platform/console++.js:263 in error
[ERROR - 2018-08-07T09:14:51.919Z] Session [951d6510-9a21-11e8-bd50-c58c612d3d24] - page.onError - msg: TypeError: undefined is not an object (evaluating 'data.comments.length')

  phantomjs://platform/console++.js:263 in error
[ERROR - 2018-08-07T09:14:51.919Z] Session [951d6510-9a21-11e8-bd50-c58c612d3d24] - page.onError - stack:
  (anonymous function) (http://webscan.360.cn/index/checkwebsite?url=fcdnbpx.com:700)
  resolveWith (http://webscan.360.cn/js/jquery.min.js:16)
  w (http://webscan.360.cn/js/jquery.min.js:18)
  d (http://webscan.360.cn/js/jquery.min.js:18)

  phantomjs://platform/console++.js:263 in error
[ERROR - 2018-08-07T09:15:07.507Z] Session [951d6510-9a21-11e8-bd50-c58c612d3d24] - page.onError - msg: TypeError: undefined is not an object (evaluating 'data.comments.length')

  phantomjs://platform/console++.js:263 in error
[ERROR - 2018-08-07T09:15:07.507Z] Session [951d6510-9a21-11e8-bd50-c58c612d3d24] - page.onError - stack:
  (anonymous function) (http://webscan.360.cn/index/checkwebsite?url=fr.jss.com.cn:700)
  resolveWith (http://webscan.360.cn/js/jquery.min.js:16)
  w (http://webscan.360.cn/js/jquery.min.js:18)
  d (http://webscan.360.cn/js/jquery.min.js:18)

  phantomjs://platform/console++.js:263 in error
[ERROR - 2018-08-07T09:15:23.813Z] Session [951d6510-9a21-11e8-bd50-c58c612d3d24] - page.onError - msg: TypeError: undefined is not an object (evaluating 'data.comments.length')

  phantomjs://platform/console++.js:263 in error
[ERROR - 2018-08-07T09:15:23.813Z] Session [951d6510-9a21-11e8-bd50-c58c612d3d24] - page.onError - stack:
  (anonymous function) (http://webscan.360.cn/index/checkwebsite?url=fwzzl.com:700)
  resolveWith (http://webscan.360.cn/js/jquery.min.js:16)
  w (http://webscan.360.cn/js/jquery.min.js:18)
  d (http://webscan.360.cn/js/jquery.min.js:18)

  phantomjs://platform/console++.js:263 in error
[ERROR - 2018-08-07T09:15:41.471Z] Session [951d6510-9a21-11e8-bd50-c58c612d3d24] - page.onError - msg: TypeError: undefined is not an object (evaluating 'data.comments.length')

  phantomjs://platform/console++.js:263 in error
[ERROR - 2018-08-07T09:15:41.472Z] Session [951d6510-9a21-11e8-bd50-c58c612d3d24] - page.onError - stack:
  (anonymous function) (http://webscan.360.cn/index/checkwebsite?url=hbmc.chinashadt.com:700)
  resolveWith (http://webscan.360.cn/js/jquery.min.js:16)
  w (http://webscan.360.cn/js/jquery.min.js:18)
  d (http://webscan.360.cn/js/jquery.min.js:18)

  phantomjs://platform/console++.js:263 in error
[ERROR - 2018-08-07T09:15:57.275Z] Session [951d6510-9a21-11e8-bd50-c58c612d3d24] - page.onError - msg: TypeError: undefined is not an object (evaluating 'data.comments.length')

  phantomjs://platform/console++.js:263 in error
[ERROR - 2018-08-07T09:15:57.275Z] Session [951d6510-9a21-11e8-bd50-c58c612d3d24] - page.onError - stack:
  (anonymous function) (http://webscan.360.cn/index/checkwebsite?url=i.lemobar.com:700)
  resolveWith (http://webscan.360.cn/js/jquery.min.js:16)
  w (http://webscan.360.cn/js/jquery.min.js:18)
  d (http://webscan.360.cn/js/jquery.min.js:18)

  phantomjs://platform/console++.js:263 in error
[ERROR - 2018-08-07T09:16:07.707Z] Session [951d6510-9a21-11e8-bd50-c58c612d3d24] - page.onError - msg: TypeError: undefined is not an object (evaluating 'data.comments.length')

  phantomjs://platform/console++.js:263 in error
[ERROR - 2018-08-07T09:16:07.707Z] Session [951d6510-9a21-11e8-bd50-c58c612d3d24] - page.onError - stack:
  (anonymous function) (http://webscan.360.cn/index/checkwebsite?url=ilufan.com:700)
  resolveWith (http://webscan.360.cn/js/jquery.min.js:16)
  w (http://webscan.360.cn/js/jquery.min.js:18)
  d (http://webscan.360.cn/js/jquery.min.js:18)

  phantomjs://platform/console++.js:263 in error
[ERROR - 2018-08-07T09:16:25.593Z] Session [951d6510-9a21-11e8-bd50-c58c612d3d24] - page.onError - msg: TypeError: undefined is not an object (evaluating 'data.comments.length')

  phantomjs://platform/console++.js:263 in error
[ERROR - 2018-08-07T09:16:25.594Z] Session [951d6510-9a21-11e8-bd50-c58c612d3d24] - page.onError - stack:
  (anonymous function) (http://webscan.360.cn/index/checkwebsite?url=izaodao.com:732)
  resolveWith (http://webscan.360.cn/js/jquery.min.js:16)
  w (http://webscan.360.cn/js/jquery.min.js:18)
  d (http://webscan.360.cn/js/jquery.min.js:18)

  phantomjs://platform/console++.js:263 in error
[ERROR - 2018-08-07T09:16:41.673Z] Session [951d6510-9a21-11e8-bd50-c58c612d3d24] - page.onError - msg: TypeError: undefined is not an object (evaluating 'data.comments.length')

  phantomjs://platform/console++.js:263 in error
[ERROR - 2018-08-07T09:16:41.673Z] Session [951d6510-9a21-11e8-bd50-c58c612d3d24] - page.onError - stack:
  (anonymous function) (http://webscan.360.cn/index/checkwebsite?url=jmszyl8.com:700)
  resolveWith (http://webscan.360.cn/js/jquery.min.js:16)
  w (http://webscan.360.cn/js/jquery.min.js:18)
  d (http://webscan.360.cn/js/jquery.min.js:18)

  phantomjs://platform/console++.js:263 in error
[ERROR - 2018-08-07T09:16:58.261Z] Session [951d6510-9a21-11e8-bd50-c58c612d3d24] - page.onError - msg: TypeError: undefined is not an object (evaluating 'data.comments.length')

  phantomjs://platform/console++.js:263 in error
[ERROR - 2018-08-07T09:16:58.261Z] Session [951d6510-9a21-11e8-bd50-c58c612d3d24] - page.onError - stack:
  (anonymous function) (http://webscan.360.cn/index/checkwebsite?url=jyzacca.com:700)
  resolveWith (http://webscan.360.cn/js/jquery.min.js:16)
  w (http://webscan.360.cn/js/jquery.min.js:18)
  d (http://webscan.360.cn/js/jquery.min.js:18)

  phantomjs://platform/console++.js:263 in error
[ERROR - 2018-08-07T09:17:13.864Z] Session [951d6510-9a21-11e8-bd50-c58c612d3d24] - page.onError - msg: TypeError: undefined is not an object (evaluating 'data.comments.length')

  phantomjs://platform/console++.js:263 in error
[ERROR - 2018-08-07T09:17:13.865Z] Session [951d6510-9a21-11e8-bd50-c58c612d3d24] - page.onError - stack:
  (anonymous function) (http://webscan.360.cn/index/checkwebsite?url=kayatan.com:700)
  resolveWith (http://webscan.360.cn/js/jquery.min.js:16)
  w (http://webscan.360.cn/js/jquery.min.js:18)
  d (http://webscan.360.cn/js/jquery.min.js:18)

  phantomjs://platform/console++.js:263 in error
[ERROR - 2018-08-07T09:17:29.704Z] Session [951d6510-9a21-11e8-bd50-c58c612d3d24] - page.onError - msg: TypeError: undefined is not an object (evaluating 'data.comments.length')

  phantomjs://platform/console++.js:263 in error
[ERROR - 2018-08-07T09:17:29.704Z] Session [951d6510-9a21-11e8-bd50-c58c612d3d24] - page.onError - stack:
  (anonymous function) (http://webscan.360.cn/index/checkwebsite?url=kvczm.com:700)
  resolveWith (http://webscan.360.cn/js/jquery.min.js:16)
  w (http://webscan.360.cn/js/jquery.min.js:18)
  d (http://webscan.360.cn/js/jquery.min.js:18)

  phantomjs://platform/console++.js:263 in error
[ERROR - 2018-08-07T09:17:40.117Z] Session [951d6510-9a21-11e8-bd50-c58c612d3d24] - page.onError - msg: TypeError: undefined is not an object (evaluating 'data.comments.length')

  phantomjs://platform/console++.js:263 in error
[ERROR - 2018-08-07T09:17:40.117Z] Session [951d6510-9a21-11e8-bd50-c58c612d3d24] - page.onError - stack:
  (anonymous function) (http://webscan.360.cn/index/checkwebsite?url=l.zhangyoubao.com:700)
  resolveWith (http://webscan.360.cn/js/jquery.min.js:16)
  w (http://webscan.360.cn/js/jquery.min.js:18)
  d (http://webscan.360.cn/js/jquery.min.js:18)

  phantomjs://platform/console++.js:263 in error
[ERROR - 2018-08-07T09:17:56.408Z] Session [951d6510-9a21-11e8-bd50-c58c612d3d24] - page.onError - msg: TypeError: undefined is not an object (evaluating 'data.comments.length')

  phantomjs://platform/console++.js:263 in error
[ERROR - 2018-08-07T09:17:56.409Z] Session [951d6510-9a21-11e8-bd50-c58c612d3d24] - page.onError - stack:
  (anonymous function) (http://webscan.360.cn/index/checkwebsite?url=lm.haobaowen.com:700)
  resolveWith (http://webscan.360.cn/js/jquery.min.js:16)
  w (http://webscan.360.cn/js/jquery.min.js:18)
  d (http://webscan.360.cn/js/jquery.min.js:18)

  phantomjs://platform/console++.js:263 in error
[ERROR - 2018-08-07T09:18:14.616Z] Session [951d6510-9a21-11e8-bd50-c58c612d3d24] - page.onError - msg: TypeError: undefined is not an object (evaluating 'data.comments.length')

  phantomjs://platform/console++.js:263 in error
[ERROR - 2018-08-07T09:18:14.616Z] Session [951d6510-9a21-11e8-bd50-c58c612d3d24] - page.onError - stack:
  (anonymous function) (http://webscan.360.cn/index/checkwebsite?url=m.an3.cn:700)
  resolveWith (http://webscan.360.cn/js/jquery.min.js:16)
  w (http://webscan.360.cn/js/jquery.min.js:18)
  d (http://webscan.360.cn/js/jquery.min.js:18)

  phantomjs://platform/console++.js:263 in error
[ERROR - 2018-08-07T09:18:32.088Z] Session [951d6510-9a21-11e8-bd50-c58c612d3d24] - page.onError - msg: TypeError: undefined is not an object (evaluating 'data.comments.length')

  phantomjs://platform/console++.js:263 in error
[ERROR - 2018-08-07T09:18:32.088Z] Session [951d6510-9a21-11e8-bd50-c58c612d3d24] - page.onError - stack:
  (anonymous function) (http://webscan.360.cn/index/checkwebsite?url=m.bookbaow.com:700)
  resolveWith (http://webscan.360.cn/js/jquery.min.js:16)
  w (http://webscan.360.cn/js/jquery.min.js:18)
  d (http://webscan.360.cn/js/jquery.min.js:18)

  phantomjs://platform/console++.js:263 in error
[ERROR - 2018-08-07T09:18:48.112Z] Session [951d6510-9a21-11e8-bd50-c58c612d3d24] - page.onError - msg: TypeError: undefined is not an object (evaluating 'data.comments.length')

  phantomjs://platform/console++.js:263 in error
[ERROR - 2018-08-07T09:18:48.112Z] Session [951d6510-9a21-11e8-bd50-c58c612d3d24] - page.onError - stack:
  (anonymous function) (http://webscan.360.cn/index/checkwebsite?url=m.chihuo2.com:700)
  resolveWith (http://webscan.360.cn/js/jquery.min.js:16)
  w (http://webscan.360.cn/js/jquery.min.js:18)
  d (http://webscan.360.cn/js/jquery.min.js:18)

  phantomjs://platform/console++.js:263 in error
[ERROR - 2018-08-07T09:19:04.121Z] Session [951d6510-9a21-11e8-bd50-c58c612d3d24] - page.onError - msg: TypeError: undefined is not an object (evaluating 'data.comments.length')

  phantomjs://platform/console++.js:263 in error
[ERROR - 2018-08-07T09:19:04.121Z] Session [951d6510-9a21-11e8-bd50-c58c612d3d24] - page.onError - stack:
  (anonymous function) (http://webscan.360.cn/index/checkwebsite?url=m.eskoda.com.cn:724)
  resolveWith (http://webscan.360.cn/js/jquery.min.js:16)
  w (http://webscan.360.cn/js/jquery.min.js:18)
  d (http://webscan.360.cn/js/jquery.min.js:18)

  phantomjs://platform/console++.js:263 in error
[ERROR - 2018-08-07T09:19:14.609Z] Session [951d6510-9a21-11e8-bd50-c58c612d3d24] - page.onError - msg: TypeError: undefined is not an object (evaluating 'data.comments.length')

  phantomjs://platform/console++.js:263 in error
[ERROR - 2018-08-07T09:19:14.610Z] Session [951d6510-9a21-11e8-bd50-c58c612d3d24] - page.onError - stack:
  (anonymous function) (http://webscan.360.cn/index/checkwebsite?url=m.laobai.com:700)
  resolveWith (http://webscan.360.cn/js/jquery.min.js:16)
  w (http://webscan.360.cn/js/jquery.min.js:18)
  d (http://webscan.360.cn/js/jquery.min.js:18)

  phantomjs://platform/console++.js:263 in error
[INFO  - 2018-08-07T09:19:25.323Z] SessionManagerReqHand - _cleanupWindowlessSessions - Asynchronous Sessions clean-up phase starting NOW
[ERROR - 2018-08-07T09:19:30.195Z] Session [951d6510-9a21-11e8-bd50-c58c612d3d24] - page.onError - msg: TypeError: undefined is not an object (evaluating 'data.comments.length')

  phantomjs://platform/console++.js:263 in error
[ERROR - 2018-08-07T09:19:30.195Z] Session [951d6510-9a21-11e8-bd50-c58c612d3d24] - page.onError - stack:
  (anonymous function) (http://webscan.360.cn/index/checkwebsite?url=m.medaldq.com:700)
  resolveWith (http://webscan.360.cn/js/jquery.min.js:16)
  w (http://webscan.360.cn/js/jquery.min.js:18)
  d (http://webscan.360.cn/js/jquery.min.js:18)

  phantomjs://platform/console++.js:263 in error
[ERROR - 2018-08-07T09:19:45.785Z] Session [951d6510-9a21-11e8-bd50-c58c612d3d24] - page.onError - msg: TypeError: undefined is not an object (evaluating 'data.comments.length')

  phantomjs://platform/console++.js:263 in error
[ERROR - 2018-08-07T09:19:45.785Z] Session [951d6510-9a21-11e8-bd50-c58c612d3d24] - page.onError - stack:
  (anonymous function) (http://webscan.360.cn/index/checkwebsite?url=m.sejmall.com:700)
  resolveWith (http://webscan.360.cn/js/jquery.min.js:16)
  w (http://webscan.360.cn/js/jquery.min.js:18)
  d (http://webscan.360.cn/js/jquery.min.js:18)

  phantomjs://platform/console++.js:263 in error
[ERROR - 2018-08-07T09:20:01.433Z] Session [951d6510-9a21-11e8-bd50-c58c612d3d24] - page.onError - msg: TypeError: undefined is not an object (evaluating 'data.comments.length')

  phantomjs://platform/console++.js:263 in error
[ERROR - 2018-08-07T09:20:01.433Z] Session [951d6510-9a21-11e8-bd50-c58c612d3d24] - page.onError - stack:
  (anonymous function) (http://webscan.360.cn/index/checkwebsite?url=m.ssoomm.com:700)
  resolveWith (http://webscan.360.cn/js/jquery.min.js:16)
  w (http://webscan.360.cn/js/jquery.min.js:18)
  d (http://webscan.360.cn/js/jquery.min.js:18)

  phantomjs://platform/console++.js:263 in error
[ERROR - 2018-08-07T09:20:11.912Z] Session [951d6510-9a21-11e8-bd50-c58c612d3d24] - page.onError - msg: TypeError: undefined is not an object (evaluating 'data.comments.length')

  phantomjs://platform/console++.js:263 in error
[ERROR - 2018-08-07T09:20:11.912Z] Session [951d6510-9a21-11e8-bd50-c58c612d3d24] - page.onError - stack:
  (anonymous function) (http://webscan.360.cn/index/checkwebsite?url=m.starbaby.com:700)
  resolveWith (http://webscan.360.cn/js/jquery.min.js:16)
  w (http://webscan.360.cn/js/jquery.min.js:18)
  d (http://webscan.360.cn/js/jquery.min.js:18)

  phantomjs://platform/console++.js:263 in error
[ERROR - 2018-08-07T09:20:27.871Z] Session [951d6510-9a21-11e8-bd50-c58c612d3d24] - page.onError - msg: TypeError: undefined is not an object (evaluating 'data.comments.length')

  phantomjs://platform/console++.js:263 in error
[ERROR - 2018-08-07T09:20:27.871Z] Session [951d6510-9a21-11e8-bd50-c58c612d3d24] - page.onError - stack:
  (anonymous function) (http://webscan.360.cn/index/checkwebsite?url=m.zhzhmall.com:700)
  resolveWith (http://webscan.360.cn/js/jquery.min.js:16)
  w (http://webscan.360.cn/js/jquery.min.js:18)
  d (http://webscan.360.cn/js/jquery.min.js:18)

  phantomjs://platform/console++.js:263 in error
[ERROR - 2018-08-07T09:20:43.698Z] Session [951d6510-9a21-11e8-bd50-c58c612d3d24] - page.onError - msg: TypeError: undefined is not an object (evaluating 'data.comments.length')

  phantomjs://platform/console++.js:263 in error
[ERROR - 2018-08-07T09:20:43.698Z] Session [951d6510-9a21-11e8-bd50-c58c612d3d24] - page.onError - stack:
  (anonymous function) (http://webscan.360.cn/index/checkwebsite?url=mlprgyf.com:700)
  resolveWith (http://webscan.360.cn/js/jquery.min.js:16)
  w (http://webscan.360.cn/js/jquery.min.js:18)
  d (http://webscan.360.cn/js/jquery.min.js:18)

  phantomjs://platform/console++.js:263 in error
[ERROR - 2018-08-07T09:20:59.292Z] Session [951d6510-9a21-11e8-bd50-c58c612d3d24] - page.onError - msg: TypeError: undefined is not an object (evaluating 'data.comments.length')

  phantomjs://platform/console++.js:263 in error
[ERROR - 2018-08-07T09:20:59.293Z] Session [951d6510-9a21-11e8-bd50-c58c612d3d24] - page.onError - stack:
  (anonymous function) (http://webscan.360.cn/index/checkwebsite?url=nr8865.cn:700)
  resolveWith (http://webscan.360.cn/js/jquery.min.js:16)
  w (http://webscan.360.cn/js/jquery.min.js:18)
  d (http://webscan.360.cn/js/jquery.min.js:18)

  phantomjs://platform/console++.js:263 in error
[ERROR - 2018-08-07T09:21:09.907Z] Session [951d6510-9a21-11e8-bd50-c58c612d3d24] - page.onError - msg: TypeError: undefined is not an object (evaluating 'data.comments.length')

  phantomjs://platform/console++.js:263 in error
[ERROR - 2018-08-07T09:21:09.908Z] Session [951d6510-9a21-11e8-bd50-c58c612d3d24] - page.onError - stack:
  (anonymous function) (http://webscan.360.cn/index/checkwebsite?url=pay.lgpay8.com:700)
  resolveWith (http://webscan.360.cn/js/jquery.min.js:16)
  w (http://webscan.360.cn/js/jquery.min.js:18)
  d (http://webscan.360.cn/js/jquery.min.js:18)

  phantomjs://platform/console++.js:263 in error
[ERROR - 2018-08-07T09:21:26.437Z] Session [951d6510-9a21-11e8-bd50-c58c612d3d24] - page.onError - msg: TypeError: undefined is not an object (evaluating 'data.comments.length')

  phantomjs://platform/console++.js:263 in error
[ERROR - 2018-08-07T09:21:26.437Z] Session [951d6510-9a21-11e8-bd50-c58c612d3d24] - page.onError - stack:
  (anonymous function) (http://webscan.360.cn/index/checkwebsite?url=pic.bitsmart.com.cn:700)
  resolveWith (http://webscan.360.cn/js/jquery.min.js:16)
  w (http://webscan.360.cn/js/jquery.min.js:18)
  d (http://webscan.360.cn/js/jquery.[INFO  - 2018-08-07T09:26:22.331Z] SessionManagerReqHand - _cleanupWindowlessSessions - Asynchronous Sessions clean-up phase starting NOW
[INFO  - 2018-08-07T09:31:22.331Z] SessionManagerReqHand - _cleanupWindowlessSessions - Asynchronous Sessions clean-up phase starting NOW
[INFO  - 2018-08-07T09:36:22.332Z] SessionManagerReqHand - _cleanupWindowlessSessions - Asynchronous Sessions clean-up phase starting NOW
[INFO  - 2018-08-07T09:41:22.332Z] SessionManagerReqHand - _cleanupWindowlessSessions - Asynchronous Sessions clean-up phase starting NOW
[INFO  - 2018-08-07T09:46:22.333Z] SessionManagerReqHand - _cleanupWindowlessSessions - Asynchronous Sessions clean-up phase starting NOW
[INFO  - 2018-08-07T09:51:22.333Z] SessionManagerReqHand - _cleanupWindowlessSessions - Asynchronous Sessions clean-up phase starting NOW
[INFO  - 2018-08-07T09:56:22.333Z] SessionManagerReqHand - _cleanupWindowlessSessions - Asynchronous Sessions clean-up phase starting NOW
[INFO  - 2018-08-07T10:01:22.333Z] SessionManagerReqHand - _cleanupWindowlessSessions - Asynchronous Sessions clean-up phase starting NOW
[INFO  - 2018-08-07T10:06:22.334Z] SessionManagerReqHand - _cleanupWindowlessSessions - Asynchronous Sessions clean-up phase starting NOW
[INFO  - 2018-08-07T10:11:22.334Z] SessionManagerReqHand - _cleanupWindowlessSessions - Asynchronous Sessions clean-up phase starting NOW
[INFO  - 2018-08-07T10:16:22.334Z] SessionManagerReqHand - _cleanupWindowlessSessions - Asynchronous Sessions clean-up phase starting NOW
[INFO  - 2018-08-07T10:21:22.335Z] SessionManagerReqHand - _cleanupWindowlessSessions - Asynchronous Sessions clean-up phase starting NOW
[INFO  - 2018-08-07T10:26:22.335Z] SessionManagerReqHand - _cleanupWindowlessSessions - Asynchronous Sessions clean-up phase starting NOW
[INFO  - 2018-08-07T10:31:22.335Z] SessionManagerReqHand - _cleanupWindowlessSessions - Asynchronous Sessions clean-up phase starting NOW
[INFO  - 2018-08-07T10:36:22.335Z] SessionManagerReqHand - _cleanupWindowlessSessions - Asynchronous Sessions clean-up phase starting NOW
[INFO  - 2018-08-07T10:41:22.335Z] SessionManagerReqHand - _cleanupWindowlessSessions - Asynchronous Sessions clean-up phase starting NOW
[INFO  - 2018-08-07T10:46:22.335Z] SessionManagerReqHand - _cleanupWindowlessSessions - Asynchronous Sessions clean-up phase starting NOW
[INFO  - 2018-08-07T10:51:22.335Z] SessionManagerReqHand - _cleanupWindowlessSessions - Asynchronous Sessions clean-up phase starting NOW
[INFO  - 2018-08-07T10:56:22.336Z] SessionManagerReqHand - _cleanupWindowlessSessions - Asynchronous Sessions clean-up phase starting NOW
[INFO  - 2018-08-07T11:01:22.337Z] SessionManagerReqHand - _cleanupWindowlessSessions - Asynchronous Sessions clean-up phase starting NOW
[INFO  - 2018-08-07T11:06:22.337Z] SessionManagerReqHand - _cleanupWindowlessSessions - Asynchronous Sessions clean-up phase starting NOW
[INFO  - 2018-08-07T11:11:22.337Z] SessionManagerReqHand - _cleanupWindowlessSessions - Asynchronous Sessions clean-up phase starting NOW
[INFO  - 2018-08-07T11:16:22.337Z] SessionManagerReqHand - _cleanupWindowlessSessions - Asynchronous Sessions clean-up phase starting NOW
[INFO  - 2018-08-07T11:21:22.338Z] SessionManagerReqHand - _cleanupWindowlessSessions - Asynchronous Sessions clean-up phase starting NOW
[INFO  - 2018-08-07T11:26:22.338Z] SessionManagerReqHand - _cleanupWindowlessSessions - Asynchronous Sessions clean-up phase starting NOW
[INFO  - 2018-08-07T11:31:22.338Z] SessionManagerReqHand - _cleanupWindowlessSessions - Asynchronous Sessions clean-up phase starting NOW
[INFO  - 2018-08-07T11:36:22.338Z] SessionManagerReqHand - _cleanupWindowlessSessions - Asynchronous Sessions clean-up phase starting NOW
[INFO  - 2018-08-07T11:41:22.339Z] SessionManagerReqHand - _cleanupWindowlessSessions - Asynchronous Sessions clean-up phase starting NOW
[INFO  - 2018-08-07T11:46:22.339Z] SessionManagerReqHand - _cleanupWindowlessSessions - Asynchronous Sessions clean-up phase starting NOW
[INFO  - 2018-08-07T11:51:22.339Z] SessionManagerReqHand - _cleanupWindowlessSessions - Asynchronous Sessions clean-up phase starting NOW
[INFO  - 2018-08-07T11:56:22.339Z] SessionManagerReqHand - _cleanupWindowlessSessions - Asynchronous Sessions clean-up phase starting NOW
[INFO  - 2018-08-07T12:01:22.340Z] SessionManagerReqHand - _cleanupWindowlessSessions - Asynchronous Sessions clean-up phase starting NOW
[INFO  - 2018-08-07T12:06:22.340Z] SessionManagerReqHand - _cleanupWindowlessSessions - Asynchronous Sessions clean-up phase starting NOW
[INFO  - 2018-08-07T12:11:22.340Z] SessionManagerReqHand - _cleanupWindowlessSessions - Asynchronous Sessions clean-up phase starting NOW
[INFO  - 2018-08-07T12:16:22.340Z] SessionManagerReqHand - _cleanupWindowlessSessions - Asynchronous Sessions clean-up phase starting NOW
[INFO  - 2018-08-07T12:21:22.340Z] SessionManagerReqHand - _cleanupWindowlessSessions - Asynchronous Sessions clean-up phase starting NOW
[INFO  - 2018-08-07T12:26:22.341Z] SessionManagerReqHand - _cleanupWindowlessSessions - Asynchronous Sessions clean-up phase starting NOW
510-9a21-11e8-bd50-c58c612d3d24] - page.onError - msg: TypeError: undefined is not an object (evaluating 'data.comments.length')

  phantomjs://platform/console++.js:263 in error
[ERROR - 2018-08-07T09:23:44.619Z] Session [951d6510-9a21-11e8-bd50-c58c612d3d24] - page.onError - stack:
  (anonymous function) (http://webscan.360.cn/index/checkwebsite?url=t.wuled.com:700)
  resolveWith (http://webscan.360.cn/js/jquery.min.js:16)
  w (http://webscan.360.cn/js/jquery.min.js:18)
  d (http://webscan.360.cn/js/jquery.min.js:18)

  phantomjs://platform/console++.js:263 in error
[ERROR - 2018-08-07T09:24:00.783Z] Session [951d6510-9a21-11e8-bd50-c58c612d3d24] - page.onError - msg: TypeError: undefined is not an object (evaluating 'data.comments.length')

  phantomjs://platform/console++.js:263 in error
[ERROR - 2018-08-07T09:24:00.783Z] Session [951d6510-9a21-11e8-bd50-c58c612d3d24] - page.onError - stack:
  (anonymous function) (http://webscan.360.cn/index/checkwebsite?url=t876f.com:700)
  resolveWith (http://webscan.360.cn/js/jquery.min.js:16)
  w (http://webscan.360.cn/js/jquery.min.js:18)
  d (http://webscan.360.cn/js/jquery.min.js:18)

  phantomjs://platform/console++.js:263 in error
[ERROR - 2018-08-07T09:24:17.251Z] Session [951d6510-9a21-11e8-bd50-c58c612d3d24] - page.onError - msg: TypeError: undefined is not an object (evaluating 'data.comments.length')

  phantomjs://platform/console++.js:263 in error
[ERROR - 2018-08-07T09:24:17.251Z] Session [951d6510-9a21-11e8-bd50-c58c612d3d24] - page.onError - stack:
  (anonymous function) (http://webscan.360.cn/index/checkwebsite?url=tbxzs.com:703)
  resolveWith (http://webscan.360.cn/js/jquery.min.js:16)
  w (http://webscan.360.cn/js/jquery.min.js:18)
  d (http://webscan.360.cn/js/jquery.min.js:18)

  phantomjs://platform/console++.js:263 in error
[INFO  - 2018-08-07T09:24:25.323Z] SessionManagerReqHand - _cleanupWindowlessSessions - Asynchronous Sessions clean-up phase starting NOW
[ERROR - 2018-08-07T09:24:33.333Z] Session [951d6510-9a21-11e8-bd50-c58c612d3d24] - page.onError - msg: TypeError: undefined is not an object (evaluating 'data.comments.length')

  phantomjs://platform/console++.js:263 in error
[ERROR - 2018-08-07T09:24:33.333Z] Session [951d6510-9a21-11e8-bd50-c58c612d3d24] - page.onError - stack:
  (anonymous function) (http://webscan.360.cn/index/checkwebsite?url=tg.069.com.cn:700)
  resolveWith (http://webscan.360.cn/js/jquery.min.js:16)
  w (http://webscan.360.cn/js/jquery.min.js:18)
  d (http://webscan.360.cn/js/jquery.min.js:18)

  phantomjs://platform/console++.js:263 in error
[ERROR - 2018-08-07T09:24:49.737Z] Session [951d6510-9a21-11e8-bd50-c58c612d3d24] - page.onError - msg: TypeError: undefined is not an object (evaluating 'data.comments.length')

  phantomjs://platform/console++.js:263 in error
[ERROR - 2018-08-07T09:24:49.737Z] Session [951d6510-9a21-11e8-bd50-c58c612d3d24] - page.onError - stack:
  (anonymous function) (http://webscan.360.cn/index/checkwebsite?url=tk909.com:700)
  resolveWith (http://webscan.360.cn/js/jquery.min.js:16)
  w (http://webscan.360.cn/js/jquery.min.js:18)
  d (http://webscan.360.cn/js/jquery.min.js:18)

  phantomjs://platform/console++.js:263 in error
[ERROR - 2018-08-07T09:25:05.273Z] Session [951d6510-9a21-11e8-bd50-c58c612d3d24] - page.onError - msg: TypeError: undefined is not an object (evaluating 'data.comments.length')

  phantomjs://platform/console++.js:263 in error
[ERROR - 2018-08-07T09:25:05.273Z] Session [951d6510-9a21-11e8-bd50-c58c612d3d24] - page.onError - stack:
  (anonymous function) (http://webscan.360.cn/index/checkwebsite?url=tlxapp.com:700)
  resolveWith (http://webscan.360.cn/js/jquery.min.js:16)
  w (http://webscan.360.cn/js/jquery.min.js:18)
  d (http://webscan.360.cn/js/jquery.min.js:18)

  phantomjs://platform/console++.js:263 in error
[ERROR - 2018-08-07T09:25:20.915Z] Session [951d6510-9a21-11e8-bd50-c58c612d3d24] - page.onError - msg: TypeError: undefined is not an object (evaluating 'data.comments.length')

  phantomjs://platform/console++.js:263 in error
[ERROR - 2018-08-07T09:25:20.916Z] Session [951d6510-9a21-11e8-bd50-c58c612d3d24] - page.onError - stack:
  (anonymous function) (http://webscan.360.cn/index/checkwebsite?url=ts2t.com:700)
  resolveWith (http://webscan.360.cn/js/jquery.min.js:16)
  w (http://webscan.360.cn/js/jquery.min.js:18)
  d (http://webscan.360.cn/js/jquery.min.js:18)

  phantomjs://platform/console++.js:263 in error
[ERROR - 2018-08-07T09:25:37.588Z] Session [951d6510-9a21-11e8-bd50-c58c612d3d24] - page.onError - msg: TypeError: undefined is not an object (evaluating 'data.comments.length')

  phantomjs://platform/console++.js:263 in error
[ERROR - 2018-08-07T09:25:37.588Z] Session [951d6510-9a21-11e8-bd50-c58c612d3d24] - page.onError - stack:
  (anonymous function) (http://webscan.360.cn/index/checkwebsite?url=txc8.com:700)
  resolveWith (http://webscan.360.cn/js/jquery.min.js:16)
  w (http://webscan.360.cn/js/jquery.min.js:18)
  d (http://webscan.360.cn/js/jquery.min.js:18)

  phantomjs://platform/console++.js:263 in error
[ERROR - 2018-08-07T09:25:53.174Z] Session [951d6510-9a21-11e8-bd50-c58c612d3d24] - page.onError - msg: TypeError: undefined is not an object (evaluating 'data.comments.length')

  phantomjs://platform/console++.js:263 in error
[ERROR - 2018-08-07T09:25:53.174Z] Session [951d6510-9a21-11e8-bd50-c58c612d3d24] - page.onError - stack:
  (anonymous function) (http://webscan.360.cn/index/checkwebsite?url=uc.5hbb.com:700)
  resolveWith (http://webscan.360.cn/js/jquery.min.js:16)
  w (http://webscan.360.cn/js/jquery.min.js:18)
  d (http://webscan.360.cn/js/jquery.min.js:18)

  phantomjs://platform/console++.js:263 in error
[ERROR - 2018-08-07T09:26:08.718Z] Session [951d6510-9a21-11e8-bd50-c58c612d3d24] - page.onError - msg: TypeError: undefined is not an object (evaluating 'data.comments.length')

  phantomjs://platform/console++.js:263 in error
[ERROR - 2018-08-07T09:26:08.718Z] Session [951d6510-9a21-11e8-bd50-c58c612d3d24] - page.onError - stack:
  (anonymous function) (http://webscan.360.cn/index/checkwebsite?url=walo888.com:700)
  resolveWith (http://webscan.360.cn/js/jquery.min.js:16)
  w (http://webscan.360.cn/js/jquery.min.js:18)
  d (http://webscan.360.cn/js/jquery.min.js:18)

  phantomjs://platform/console++.js:263 in error
[ERROR - 2018-08-07T09:26:24.774Z] Session [951d6510-9a21-11e8-bd50-c58c612d3d24] - page.onError - msg: TypeError: undefined is not an object (evaluating 'data.comments.length')

  phantomjs://platform/console++.js:263 in error
[ERROR - 2018-08-07T09:26:24.774Z] Session [951d6510-9a21-11e8-bd50-c58c612d3d24] - page.onError - stack:
  (anonymous function) (http://webscan.360.cn/index/checkwebsite?url=weilongbao.com:700)
  resolveWith (http://webscan.360.cn/js/jquery.min.js:16)
  w (http://webscan.360.cn/js/jquery.min.js:18)
  d (http://webscan.360.cn/js/jquery.min.js:18)

  phantomjs://platform/console++.js:263 in error
[ERROR - 2018-08-07T09:26:41.974Z] Session [951d6510-9a21-11e8-bd50-c58c612d3d24] - page.onError - msg: TypeError: undefined is not an object (evaluating 'data.comments.length')

  phantomjs://platform/console++.js:263 in error
[ERROR - 2018-08-07T09:26:41.974Z] Session [951d6510-9a21-11e8-bd50-c58c612d3d24] - page.onError - stack:
  (anonymous function) (http://webscan.360.cn/index/checkwebsite?url=www.escn.com.cn:720)
  resolveWith (http://webscan.360.cn/js/jquery.min.js:16)
  w (http://webscan.360.cn/js/jquery.min.js:18)
  d (http://webscan.360.cn/js/jquery.min.js:18)

  phantomjs://platform/console++.js:263 in error
[ERROR - 2018-08-07T09:26:58.274Z] Session [951d6510-9a21-11e8-bd50-c58c612d3d24] - page.onError - msg: TypeError: undefined is not an object (evaluating 'data.comments.length')

  phantomjs://platform/console++.js:263 in error
[ERROR - 2018-08-07T09:26:58.274Z] Session [951d6510-9a21-11e8-bd50-c58c612d3d24] - page.onError - stack:
  (anonymous function) (http://webscan.360.cn/index/checkwebsite?url=www.icauto.com.cn:736)
  resolveWith (http://webscan.360.cn/js/jquery.min.js:16)
  w (http://webscan.360.cn/js/jquery.min.js:18)
  d (http://webscan.360.cn/js/jquery.min.js:18)

  phantomjs://platform/console++.js:263 in error
[ERROR - 2018-08-07T09:27:08.676Z] Session [951d6510-9a21-11e8-bd50-c58c612d3d24] - page.onError - msg: TypeError: undefined is not an object (evaluating 'data.comments.length')

  phantomjs://platform/console++.js:263 in error
[ERROR - 2018-08-07T09:27:08.676Z] Session [951d6510-9a21-11e8-bd50-c58c612d3d24] - page.onError - stack:
  (anonymous function) (http://webscan.360.cn/index/checkwebsite?url=www.laoyawo.com:700)
  resolveWith (http://webscan.360.cn/js/jquery.min.js:16)
  w (http://webscan.360.cn/js/jquery.min.js:18)
  d (http://webscan.360.cn/js/jquery.min.js:18)

  phantomjs://platform/console++.js:263 in error
[ERROR - 2018-08-07T09:27:24.615Z] Session [951d6510-9a21-11e8-bd50-c58c612d3d24] - page.onError - msg: TypeError: undefined is not an object (evaluating 'data.comments.length')

  phantomjs://platform/console++.js:263 in error
[ERROR - 2018-08-07T09:27:24.615Z] Session [951d6510-9a21-11e8-bd50-c58c612d3d24] - page.onError - stack:
  (anonymous function) (http://webscan.360.cn/index/checkwebsite?url=www.vpalchina.com:695)
  resolveWith (http://webscan.360.cn/js/jquery.min.js:16)
  w (http://webscan.360.cn/js/jquery.min.js:18)
  d (http://webscan.360.cn/js/jquery.min.js:18)

  phantomjs://platform/console++.js:263 in error
[ERROR - 2018-08-07T09:27:40.301Z] Session [951d6510-9a21-11e8-bd50-c58c612d3d24] - page.onError - msg: TypeError: undefined is not an object (evaluating 'data.comments.length')

  phantomjs://platform/console++.js:263 in error
[ERROR - 2018-08-07T09:27:40.302Z] Session [951d6510-9a21-11e8-bd50-c58c612d3d24] - page.onError - stack:
  (anonymous function) (http://webscan.360.cn/index/checkwebsite?url=wx.bao369.com:700)
  resolveWith (http://webscan.360.cn/js/jquery.min.js:16)
  w (http://webscan.360.cn/js/jquery.min.js:18)
  d (http://webscan.360.cn/js/jquery.min.js:18)

  phantomjs://platform/console++.js:263 in error
[ERROR - 2018-08-07T09:27:56.454Z] Session [951d6510-9a21-11e8-bd50-c58c612d3d24] - page.onError - msg: TypeError: undefined is not an object (evaluating 'data.comments.length')

  phantomjs://platform/console++.js:263 in error
[ERROR - 2018-08-07T09:27:56.454Z] Session [951d6510-9a21-11e8-bd50-c58c612d3d24] - page.onError - stack:
  (anonymous function) (http://webscan.360.cn/index/checkwebsite?url=xccp182.com:700)
  resolveWith (http://webscan.360.cn/js/jquery.min.js:16)
  w (http://webscan.360.cn/js/jquery.min.js:18)
  d (http://webscan.360.cn/js/jquery.min.js:18)

  phantomjs://platform/console++.js:263 in error
[ERROR - 2018-08-07T09:28:29.268Z] Session [951d6510-9a21-11e8-bd50-c58c612d3d24] - page.onError - msg: TypeError: undefined is not an object (evaluating 'data.comments.length')

  phantomjs://platform/console++.js:263 in error
[ERROR - 2018-08-07T09:28:29.268Z] Session [951d6510-9a21-11e8-bd50-c58c612d3d24] - page.onError - stack:
  (anonymous function) (http://webscan.360.cn/index/checkwebsite?url=ycimg.8c.com.cn:700)
  resolveWith (http://webscan.360.cn/js/jquery.min.js:16)
  w (http://webscan.360.cn/js/jquery.min.js:18)
  d (http://webscan.360.cn/js/jquery.min.js:18)

  phantomjs://platform/console++.js:263 in error
[ERROR - 2018-08-07T09:28:44.837Z] Session [951d6510-9a21-11e8-bd50-c58c612d3d24] - page.onError - msg: TypeError: undefined is not an object (evaluating 'data.comments.length')

  phantomjs://platform/console++.js:263 in error
[ERROR - 2018-08-07T09:28:44.837Z] Session [951d6510-9a21-11e8-bd50-c58c612d3d24] - page.onError - stack:
  (anonymous function) (http://webscan.360.cn/index/checkwebsite?url=ymr96.com:700)
  resolveWith (http://webscan.360.cn/js/jquery.min.js:16)
  w (http://webscan.360.cn/js/jquery.min.js:18)
  d (http://webscan.360.cn/js/jquery.min.js:18)

  phantomjs://platform/console++.js:263 in error
[ERROR - 2018-08-07T09:29:00.338Z] Session [951d6510-9a21-11e8-bd50-c58c612d3d24] - page.onError - msg: TypeError: undefined is not an object (evaluating 'data.comments.length')

  phantomjs://platform/console++.js:263 in error
[ERROR - 2018-08-07T09:29:00.338Z] Session [951d6510-9a21-11e8-bd50-c58c612d3d24] - page.onError - stack:
  (anonymous function) (http://webscan.360.cn/index/checkwebsite?url=yspay.co:700)
  resolveWith (http://webscan.360.cn/js/jquery.min.js:16)
  w (http://webscan.360.cn/js/jquery.min.js:18)
  d (http://webscan.360.cn/js/jquery.min.js:18)

  phantomjs://platform/console++.js:263 in error
[ERROR - 2018-08-07T09:29:15.550Z] Session [951d6510-9a21-11e8-bd50-c58c612d3d24] - page.onError - msg: TypeError: null is not an object (evaluating 'randdatas.length')

  phantomjs://platform/console++.js:263 in error
[ERROR - 2018-08-07T09:29:15.551Z] Session [951d6510-9a21-11e8-bd50-c58c612d3d24] - page.onError - stack:
  success (http://webscan.360.cn/index/checkwebsite?url=yspay.co:1277)
  resolveWith (http://webscan.360.cn/js/jquery.min.js:16)
  w (http://webscan.360.cn/js/jquery.min.js:18)
  d (http://webscan.360.cn/js/jquery.min.js:18)

  phantomjs://platform/console++.js:263 in error
[INFO  - 2018-08-07T09:29:25.323Z] SessionManagerReqHand - _cleanupWindowlessSessions - Asynchronous Sessions clean-up phase starting NOW
[INFO  - 2018-08-07T09:34:25.323Z] SessionManagerReqHand - _cleanupWindowlessSessions - Asynchronous Sessions clean-up phase starting NOW
[INFO  - 2018-08-07T09:39:25.323Z] SessionManagerReqHand - _cleanupWindowlessSessions - Asynchronous Sessions clean-up phase starting NOW
[INFO  - 2018-08-07T09:44:25.328Z] SessionManagerReqHand - _cleanupWindowlessSessions - Asynchronous Sessions clean-up phase starting NOW
[INFO  - 2018-08-07T09:49:25.328Z] SessionManagerReqHand - _cleanupWindowlessSessions - Asynchronous Sessions clean-up phase starting NOW
[INFO  - 2018-08-07T09:54:25.328Z] SessionManagerReqHand - _cleanupWindowlessSessions - Asynchronous Sessions clean-up phase starting NOW
[INFO  - 2018-08-07T09:59:25.329Z] SessionManagerReqHand - _cleanupWindowlessSessions - Asynchronous Sessions clean-up phase starting NOW
[INFO  - 2018-08-07T10:04:25.329Z] SessionManagerReqHand - _cleanupWindowlessSessions - Asynchronous Sessions clean-up phase starting NOW
[INFO  - 2018-08-07T10:09:25.329Z] SessionManagerReqHand - _cleanupWindowlessSessions - Asynchronous Sessions clean-up phase starting NOW
[INFO  - 2018-08-07T10:14:25.329Z] SessionManagerReqHand - _cleanupWindowlessSessions - Asynchronous Sessions clean-up phase starting NOW
[INFO  - 2018-08-07T10:19:25.329Z] SessionManagerReqHand - _cleanupWindowlessSessions - Asynchronous Sessions clean-up phase starting NOW
[INFO  - 2018-08-07T10:24:25.329Z] SessionManagerReqHand - _cleanupWindowlessSessions - Asynchronous Sessions clean-up phase starting NOW
[INFO  - 2018-08-07T10:29:25.329Z] SessionManagerReqHand - _cleanupWindowlessSessions - Asynchronous Sessions clean-up phase starting NOW
[INFO  - 2018-08-07T10:34:25.329Z] SessionManagerReqHand - _cleanupWindowlessSessions - Asynchronous Sessions clean-up phase starting NOW
[INFO  - 2018-08-07T10:39:25.329Z] SessionManagerReqHand - _cleanupWindowlessSessions - Asynchronous Sessions clean-up phase starting NOW
[INFO  - 2018-08-07T10:44:25.329Z] SessionManagerReqHand - _cleanupWindowlessSessions - Asynchronous Sessions clean-up phase starting NOW
[INFO  - 2018-08-07T10:49:25.329Z] SessionManagerReqHand - _cleanupWindowlessSessions - Asynchronous Sessions clean-up phase starting NOW
[INFO  - 2018-08-07T10:54:25.329Z] SessionManagerReqHand - _cleanupWindowlessSessions - Asynchronous Sessions clean-up phase starting NOW
[INFO  - 2018-08-07T10:59:25.329Z] SessionManagerReqHand - _cleanupWindowlessSessions - Asynchronous Sessions clean-up phase starting NOW
[INFO  - 2018-08-07T11:04:25.329Z] SessionManagerReqHand - _cleanupWindowlessSessions - Asynchronous Sessions clean-up phase starting NOW
[INFO  - 2018-08-07T11:09:25.329Z] SessionManagerReqHand - _cleanupWindowlessSessions - Asynchronous Sessions clean-up phase starting NOW
[INFO  - 2018-08-07T11:14:25.330Z] SessionManagerReqHand - _cleanupWindowlessSessions - Asynchronous Sessions clean-up phase starting NOW
[INFO  - 2018-08-07T11:19:25.330Z] SessionManagerReqHand - _cleanupWindowlessSessions - Asynchronous Sessions clean-up phase starting NOW
[INFO  - 2018-08-07T11:24:25.330Z] SessionManagerReqHand - _cleanupWindowlessSessions - Asynchronous Sessions clean-up phase starting NOW
[INFO  - 2018-08-07T11:29:25.330Z] SessionManagerReqHand - _cleanupWindowlessSessions - Asynchronous Sessions clean-up phase starting NOW
[INFO  - 2018-08-07T11:34:25.331Z] SessionManagerReqHand - _cleanupWindowlessSessions - Asynchronous Sessions clean-up phase starting NOW
[INFO  - 2018-08-07T11:39:25.331Z] SessionManagerReqHand - _cleanupWindowlessSessions - Asynchronous Sessions clean-up phase starting NOW
[INFO  - 2018-08-07T11:44:25.332Z] SessionManagerReqHand - _cleanupWindowlessSessions - Asynchronous Sessions clean-up phase starting NOW
[INFO  - 2018-08-07T11:49:25.332Z] SessionManagerReqHand - _cleanupWindowlessSessions - Asynchronous Sessions clean-up phase starting NOW
[INFO  - 2018-08-07T11:54:25.332Z] SessionManagerReqHand - _cleanupWindowlessSessions - Asynchronous Sessions clean-up phase starting NOW
[INFO  - 2018-08-07T11:59:25.332Z] SessionManagerReqHand - _cleanupWindowlessSessions - Asynchronous Sessions clean-up phase starting NOW
[INFO  - 2018-08-07T12:04:25.332Z] SessionManagerReqHand - _cleanupWindowlessSessions - Asynchronous Sessions clean-up phase starting NOW
[INFO  - 2018-08-07T12:09:25.332Z] SessionManagerReqHand - _cleanupWindowlessSessions - Asynchronous Sessions clean-up phase starting NOW
[INFO  - 2018-08-07T12:14:25.332Z] SessionManagerReqHand - _cleanupWindowlessSessions - Asynchronous Sessions clean-up phase starting NOW
[INFO  - 2018-08-07T12:19:25.332Z] SessionManagerReqHand - _cleanupWindowlessSessions - Asynchronous Sessions clean-up phase starting NOW
[INFO  - 2018-08-07T12:24:25.333Z] SessionManagerReqHand - _cleanupWindowlessSessions - Asynchronous Sessions clean-up phase starting NOW
[INFO  - 2018-08-07T12:29:25.333Z] SessionManagerReqHand - _cleanupWindowlessSessions - Asynchronous Sessions clean-up phase starting NOW
 - _cleanupWindowlessSessions - Asynchronous Sessions clean-up phase starting NOW
[INFO  - 2018-08-07T10:45:21.358Z] SessionManagerReqHand - _cleanupWindowlessSessions - Asynchronous Sessions clean-up phase starting NOW
[INFO  - 2018-08-07T10:50:21.358Z] SessionManagerReqHand - _cleanupWindowlessSessions - Asynchronous Sessions clean-up phase starting NOW
[INFO  - 2018-08-07T10:55:21.357Z] SessionManagerReqHand - _cleanupWindowlessSessions - Asynchronous Sessions clean-up phase starting NOW
[INFO  - 2018-08-07T11:00:21.358Z] SessionManagerReqHand - _cleanupWindowlessSessions - Asynchronous Sessions clean-up phase starting NOW
[INFO  - 2018-08-07T11:05:21.358Z] SessionManagerReqHand - _cleanupWindowlessSessions - Asynchronous Sessions clean-up phase starting NOW
[INFO  - 2018-08-07T11:10:21.358Z] SessionManagerReqHand - _cleanupWindowlessSessions - Asynchronous Sessions clean-up phase starting NOW
[INFO  - 2018-08-07T11:15:21.358Z] SessionManagerReqHand - _cleanupWindowlessSessions - Asynchronous Sessions clean-up phase starting NOW
[INFO  - 2018-08-07T11:20:21.358Z] SessionManagerReqHand - _cleanupWindowlessSessions - Asynchronous Sessions clean-up phase starting NOW
[INFO  - 2018-08-07T11:25:21.357Z] SessionManagerReqHand - _cleanupWindowlessSessions - Asynchronous Sessions clean-up phase starting NOW
[INFO  - 2018-08-07T11:30:21.357Z] SessionManagerReqHand - _cleanupWindowlessSessions - Asynchronous Sessions clean-up phase starting NOW
[INFO  - 2018-08-07T11:35:21.358Z] SessionManagerReqHand - _cleanupWindowlessSessions - Asynchronous Sessions clean-up phase starting NOW
[INFO  - 2018-08-07T11:40:21.358Z] SessionManagerReqHand - _cleanupWindowlessSessions - Asynchronous Sessions clean-up phase starting NOW
[INFO  - 2018-08-07T11:45:21.358Z] SessionManagerReqHand - _cleanupWindowlessSessions - Asynchronous Sessions clean-up phase starting NOW
[INFO  - 2018-08-07T11:50:21.358Z] SessionManagerReqHand - _cleanupWindowlessSessions - Asynchronous Sessions clean-up phase starting NOW
[INFO  - 2018-08-07T11:55:21.357Z] SessionManagerReqHand - _cleanupWindowlessSessions - Asynchronous Sessions clean-up phase starting NOW
[INFO  - 2018-08-07T12:00:21.358Z] SessionManagerReqHand - _cleanupWindowlessSessions - Asynchronous Sessions clean-up phase starting NOW
[INFO  - 2018-08-07T12:05:21.357Z] SessionManagerReqHand - _cleanupWindowlessSessions - Asynchronous Sessions clean-up phase starting NOW
[INFO  - 2018-08-07T12:10:21.358Z] SessionManagerReqHand - _cleanupWindowlessSessions - Asynchronous Sessions clean-up phase starting NOW
[INFO  - 2018-08-07T12:15:21.358Z] SessionManagerReqHand - _cleanupWindowlessSessions - Asynchronous Sessions clean-up phase starting NOW
[INFO  - 2018-08-07T12:20:21.358Z] SessionManagerReqHand - _cleanupWindowlessSessions - Asynchronous Sessions clean-up phase starting NOW
[INFO  - 2018-08-07T12:25:21.358Z] SessionManagerReqHand - _cleanupWindowlessSessions - Asynchronous Sessions clean-up phase starting NOW
[INFO  - 2018-08-07T12:30:21.357Z] SessionManagerReqHand - _cleanupWindowlessSessions - Asynchronous Sessions clean-up phase starting NOW
indowlessSessions - Asynchronous Sessions clean-up phase starting NOW
[INFO  - 2018-08-07T10:33:28.577Z] SessionManagerReqHand - _cleanupWindowlessSessions - Asynchronous Sessions clean-up phase starting NOW
[INFO  - 2018-08-07T10:38:28.577Z] SessionManagerReqHand - _cleanupWindowlessSessions - Asynchronous Sessions clean-up phase starting NOW
[INFO  - 2018-08-07T10:43:28.577Z] SessionManagerReqHand - _cleanupWindowlessSessions - Asynchronous Sessions clean-up phase starting NOW
[INFO  - 2018-08-07T10:48:28.577Z] SessionManagerReqHand - _cleanupWindowlessSessions - Asynchronous Sessions clean-up phase starting NOW
[INFO  - 2018-08-07T10:53:28.577Z] SessionManagerReqHand - _cleanupWindowlessSessions - Asynchronous Sessions clean-up phase starting NOW
[INFO  - 2018-08-07T10:58:28.577Z] SessionManagerReqHand - _cleanupWindowlessSessions - Asynchronous Sessions clean-up phase starting NOW
[INFO  - 2018-08-07T11:03:28.577Z] SessionManagerReqHand - _cleanupWindowlessSessions - Asynchronous Sessions clean-up phase starting NOW
[INFO  - 2018-08-07T11:08:28.577Z] SessionManagerReqHand - _cleanupWindowlessSessions - Asynchronous Sessions clean-up phase starting NOW
[INFO  - 2018-08-07T11:13:28.577Z] SessionManagerReqHand - _cleanupWindowlessSessions - Asynchronous Sessions clean-up phase starting NOW
[INFO  - 2018-08-07T11:18:28.577Z] SessionManagerReqHand - _cleanupWindowlessSessions - Asynchronous Sessions clean-up phase starting NOW
[INFO  - 2018-08-07T11:23:28.577Z] SessionManagerReqHand - _cleanupWindowlessSessions - Asynchronous Sessions clean-up phase starting NOW
[INFO  - 2018-08-07T11:28:28.577Z] SessionManagerReqHand - _cleanupWindowlessSessions - Asynchronous Sessions clean-up phase starting NOW
[INFO  - 2018-08-07T11:33:28.577Z] SessionManagerReqHand - _cleanupWindowlessSessions - Asynchronous Sessions clean-up phase starting NOW
[INFO  - 2018-08-07T11:38:28.577Z] SessionManagerReqHand - _cleanupWindowlessSessions - Asynchronous Sessions clean-up phase starting NOW
[INFO  - 2018-08-07T11:43:28.577Z] SessionManagerReqHand - _cleanupWindowlessSessions - Asynchronous Sessions clean-up phase starting NOW
[INFO  - 2018-08-07T11:48:28.577Z] SessionManagerReqHand - _cleanupWindowlessSessions - Asynchronous Sessions clean-up phase starting NOW
[INFO  - 2018-08-07T11:53:28.577Z] SessionManagerReqHand - _cleanupWindowlessSessions - Asynchronous Sessions clean-up phase starting NOW
[INFO  - 2018-08-07T11:58:28.577Z] SessionManagerReqHand - _cleanupWindowlessSessions - Asynchronous Sessions clean-up phase starting NOW
[INFO  - 2018-08-07T12:03:28.577Z] SessionManagerReqHand - _cleanupWindowlessSessions - Asynchronous Sessions clean-up phase starting NOW
[INFO  - 2018-08-07T12:08:28.577Z] SessionManagerReqHand - _cleanupWindowlessSessions - Asynchronous Sessions clean-up phase starting NOW
[INFO  - 2018-08-07T12:13:28.577Z] SessionManagerReqHand - _cleanupWindowlessSessions - Asynchronous Sessions clean-up phase starting NOW
[INFO  - 2018-08-07T12:18:28.577Z] SessionManagerReqHand - _cleanupWindowlessSessions - Asynchronous Sessions clean-up phase starting NOW
[INFO  - 2018-08-07T12:23:28.577Z] SessionManagerReqHand - _cleanupWindowlessSessions - Asynchronous Sessions clean-up phase starting NOW
[INFO  - 2018-08-07T12:28:28.577Z] SessionManagerReqHand - _cleanupWindowlessSessions - Asynchronous Sessions clean-up phase starting NOW
ions clean-up phase starting NOW
[INFO  - 2018-08-07T11:21:51.361Z] SessionManagerReqHand - _cleanupWindowlessSessions - Asynchronous Sessions clean-up phase starting NOW
[INFO  - 2018-08-07T11:26:51.361Z] SessionManagerReqHand - _cleanupWindowlessSessions - Asynchronous Sessions clean-up phase starting NOW
[INFO  - 2018-08-07T11:31:51.361Z] SessionManagerReqHand - _cleanupWindowlessSessions - Asynchronous Sessions clean-up phase starting NOW
[INFO  - 2018-08-07T11:36:51.361Z] SessionManagerReqHand - _cleanupWindowlessSessions - Asynchronous Sessions clean-up phase starting NOW
[INFO  - 2018-08-07T11:41:51.361Z] SessionManagerReqHand - _cleanupWindowlessSessions - Asynchronous Sessions clean-up phase starting NOW
[INFO  - 2018-08-07T11:46:51.361Z] SessionManagerReqHand - _cleanupWindowlessSessions - Asynchronous Sessions clean-up phase starting NOW
[INFO  - 2018-08-07T11:51:51.361Z] SessionManagerReqHand - _cleanupWindowlessSessions - Asynchronous Sessions clean-up phase starting NOW
[INFO  - 2018-08-07T11:56:51.361Z] SessionManagerReqHand - _cleanupWindowlessSessions - Asynchronous Sessions clean-up phase starting NOW
[INFO  - 2018-08-07T12:01:51.361Z] SessionManagerReqHand - _cleanupWindowlessSessions - Asynchronous Sessions clean-up phase starting NOW
[INFO  - 2018-08-07T12:06:51.361Z] SessionManagerReqHand - _cleanupWindowlessSessions - Asynchronous Sessions clean-up phase starting NOW
[INFO  - 2018-08-07T12:11:51.361Z] SessionManagerReqHand - _cleanupWindowlessSessions - Asynchronous Sessions clean-up phase starting NOW
[INFO  - 2018-08-07T12:16:51.361Z] SessionManagerReqHand - _cleanupWindowlessSessions - Asynchronous Sessions clean-up phase starting NOW
[INFO  - 2018-08-07T12:21:51.361Z] SessionManagerReqHand - _cleanupWindowlessSessions - Asynchronous Sessions clean-up phase starting NOW
[INFO  - 2018-08-07T12:26:51.361Z] SessionManagerReqHand - _cleanupWindowlessSessions - Asynchronous Sessions clean-up phase starting NOW
ting NOW
[INFO  - 2018-08-07T12:01:23.324Z] SessionManagerReqHand - _cleanupWindowlessSessions - Asynchronous Sessions clean-up phase starting NOW
[INFO  - 2018-08-07T12:06:23.324Z] SessionManagerReqHand - _cleanupWindowlessSessions - Asynchronous Sessions clean-up phase starting NOW
[INFO  - 2018-08-07T12:11:23.324Z] SessionManagerReqHand - _cleanupWindowlessSessions - Asynchronous Sessions clean-up phase starting NOW
[INFO  - 2018-08-07T12:16:23.324Z] SessionManagerReqHand - _cleanupWindowlessSessions - Asynchronous Sessions clean-up phase starting NOW
[INFO  - 2018-08-07T12:21:23.324Z] SessionManagerReqHand - _cleanupWindowlessSessions - Asynchronous Sessions clean-up phase starting NOW
[INFO  - 2018-08-07T12:26:23.324Z] SessionManagerReqHand - _cleanupWindowlessSessions - Asynchronous Sessions clean-up phase starting NOW
ronous Sessions clean-up phase starting NOW
[INFO  - 2018-08-07T10:56:00.773Z] SessionManagerReqHand - _cleanupWindowlessSessions - Asynchronous Sessions clean-up phase starting NOW
[INFO  - 2018-08-07T11:01:00.773Z] SessionManagerReqHand - _cleanupWindowlessSessions - Asynchronous Sessions clean-up phase starting NOW
[INFO  - 2018-08-07T11:06:00.773Z] SessionManagerReqHand - _cleanupWindowlessSessions - Asynchronous Sessions clean-up phase starting NOW
[INFO  - 2018-08-07T11:11:00.773Z] SessionManagerReqHand - _cleanupWindowlessSessions - Asynchronous Sessions clean-up phase starting NOW
[INFO  - 2018-08-07T11:16:00.773Z] SessionManagerReqHand - _cleanupWindowlessSessions - Asynchronous Sessions clean-up phase starting NOW
[INFO  - 2018-08-07T11:21:00.773Z] SessionManagerReqHand - _cleanupWindowlessSessions - Asynchronous Sessions clean-up phase starting NOW
[INFO  - 2018-08-07T11:26:00.773Z] SessionManagerReqHand - _cleanupWindowlessSessions - Asynchronous Sessions clean-up phase starting NOW
[INFO  - 2018-08-07T11:31:00.773Z] SessionManagerReqHand - _cleanupWindowlessSessions - Asynchronous Sessions clean-up phase starting NOW
[INFO  - 2018-08-07T11:36:00.773Z] SessionManagerReqHand - _cleanupWindowlessSessions - Asynchronous Sessions clean-up phase starting NOW
[INFO  - 2018-08-07T11:41:00.773Z] SessionManagerReqHand - _cleanupWindowlessSessions - Asynchronous Sessions clean-up phase starting NOW
[INFO  - 2018-08-07T11:46:00.773Z] SessionManagerReqHand - _cleanupWindowlessSessions - Asynchronous Sessions clean-up phase starting NOW
[INFO  - 2018-08-07T11:51:00.773Z] SessionManagerReqHand - _cleanupWindowlessSessions - Asynchronous Sessions clean-up phase starting NOW
[INFO  - 2018-08-07T11:56:00.774Z] SessionManagerReqHand - _cleanupWindowlessSessions - Asynchronous Sessions clean-up phase starting NOW
[INFO  - 2018-08-07T12:01:00.773Z] SessionManagerReqHand - _cleanupWindowlessSessions - Asynchronous Sessions clean-up phase starting NOW
[INFO  - 2018-08-07T12:06:00.773Z] SessionManagerReqHand - _cleanupWindowlessSessions - Asynchronous Sessions clean-up phase starting NOW
[INFO  - 2018-08-07T12:11:00.774Z] SessionManagerReqHand - _cleanupWindowlessSessions - Asynchronous Sessions clean-up phase starting NOW
[INFO  - 2018-08-07T12:16:00.773Z] SessionManagerReqHand - _cleanupWindowlessSessions - Asynchronous Sessions clean-up phase starting NOW
[INFO  - 2018-08-07T12:21:00.773Z] SessionManagerReqHand - _cleanupWindowlessSessions - Asynchronous Sessions clean-up phase starting NOW
[INFO  - 2018-08-07T12:26:00.774Z] SessionManagerReqHand - _cleanupWindowlessSessions - Asynchronous Sessions clean-up phase starting NOW
leanupWindowlessSessions - Asynchronous Sessions clean-up phase starting NOW
[INFO  - 2018-08-07T12:03:40.362Z] SessionManagerReqHand - _cleanupWindowlessSessions - Asynchronous Sessions clean-up phase starting NOW
[INFO  - 2018-08-07T12:08:40.362Z] SessionManagerReqHand - _cleanupWindowlessSessions - Asynchronous Sessions clean-up phase starting NOW
[INFO  - 2018-08-07T12:13:40.362Z] SessionManagerReqHand - _cleanupWindowlessSessions - Asynchronous Sessions clean-up phase starting NOW
[INFO  - 2018-08-07T12:18:40.362Z] SessionManagerReqHand - _cleanupWindowlessSessions - Asynchronous Sessions clean-up phase starting NOW
[INFO  - 2018-08-07T12:23:40.362Z] SessionManagerReqHand - _cleanupWindowlessSessions - Asynchronous Sessions clean-up phase starting NOW
[INFO  - 2018-08-07T12:28:40.362Z] SessionManagerReqHand - _cleanupWindowlessSessions - Asynchronous Sessions clean-up phase starting NOW
08-07T12:02:35.549Z] SessionManagerReqHand - _cleanupWindowlessSessions - Asynchronous Sessions clean-up phase starting NOW
[INFO  - 2018-08-07T12:07:35.549Z] SessionManagerReqHand - _cleanupWindowlessSessions - Asynchronous Sessions clean-up phase starting NOW
[INFO  - 2018-08-07T12:12:35.549Z] SessionManagerReqHand - _cleanupWindowlessSessions - Asynchronous Sessions clean-up phase starting NOW
[INFO  - 2018-08-07T12:17:35.549Z] SessionManagerReqHand - _cleanupWindowlessSessions - Asynchronous Sessions clean-up phase starting NOW
[INFO  - 2018-08-07T12:22:35.549Z] SessionManagerReqHand - _cleanupWindowlessSessions - Asynchronous Sessions clean-up phase starting NOW
[INFO  - 2018-08-07T12:27:35.549Z] SessionManagerReqHand - _cleanupWindowlessSessions - Asynchronous Sessions clean-up phase starting NOW
 Sessions clean-up phase starting NOW
[INFO  - 2018-08-07T09:38:58.358Z] SessionManagerReqHand - _cleanupWindowlessSessions - Asynchronous Sessions clean-up phase starting NOW
[INFO  - 2018-08-07T09:43:58.358Z] SessionManagerReqHand - _cleanupWindowlessSessions - Asynchronous Sessions clean-up phase starting NOW
[INFO  - 2018-08-07T09:48:58.358Z] SessionManagerReqHand - _cleanupWindowlessSessions - Asynchronous Sessions clean-up phase starting NOW
[INFO  - 2018-08-07T09:53:58.358Z] SessionManagerReqHand - _cleanupWindowlessSessions - Asynchronous Sessions clean-up phase starting NOW
[INFO  - 2018-08-07T09:58:58.358Z] SessionManagerReqHand - _cleanupWindowlessSessions - Asynchronous Sessions clean-up phase starting NOW
[INFO  - 2018-08-07T10:03:58.358Z] SessionManagerReqHand - _cleanupWindowlessSessions - Asynchronous Sessions clean-up phase starting NOW
[INFO  - 2018-08-07T10:08:58.358Z] SessionManagerReqHand - _cleanupWindowlessSessions - Asynchronous Sessions clean-up phase starting NOW
[INFO  - 2018-08-07T10:13:58.358Z] SessionManagerReqHand - _cleanupWindowlessSessions - Asynchronous Sessions clean-up phase starting NOW
[INFO  - 2018-08-07T10:18:58.358Z] SessionManagerReqHand - _cleanupWindowlessSessions - Asynchronous Sessions clean-up phase starting NOW
[INFO  - 2018-08-07T10:23:58.358Z] SessionManagerReqHand - _cleanupWindowlessSessions - Asynchronous Sessions clean-up phase starting NOW
[INFO  - 2018-08-07T10:28:58.358Z] SessionManagerReqHand - _cleanupWindowlessSessions - Asynchronous Sessions clean-up phase starting NOW
[INFO  - 2018-08-07T10:33:58.358Z] SessionManagerReqHand - _cleanupWindowlessSessions - Asynchronous Sessions clean-up phase starting NOW
[INFO  - 2018-08-07T10:38:58.358Z] SessionManagerReqHand - _cleanupWindowlessSessions - Asynchronous Sessions clean-up phase starting NOW
[INFO  - 2018-08-07T10:43:58.358Z] SessionManagerReqHand - _cleanupWindowlessSessions - Asynchronous Sessions clean-up phase starting NOW
[INFO  - 2018-08-07T10:48:58.358Z] SessionManagerReqHand - _cleanupWindowlessSessions - Asynchronous Sessions clean-up phase starting NOW
[INFO  - 2018-08-07T10:53:58.358Z] SessionManagerReqHand - _cleanupWindowlessSessions - Asynchronous Sessions clean-up phase starting NOW
[INFO  - 2018-08-07T10:58:58.358Z] SessionManagerReqHand - _cleanupWindowlessSessions - Asynchronous Sessions clean-up phase starting NOW
[INFO  - 2018-08-07T11:03:58.358Z] SessionManagerReqHand - _cleanupWindowlessSessions - Asynchronous Sessions clean-up phase starting NOW
[INFO  - 2018-08-07T11:08:58.358Z] SessionManagerReqHand - _cleanupWindowlessSessions - Asynchronous Sessions clean-up phase starting NOW
[INFO  - 2018-08-07T11:13:58.358Z] SessionManagerReqHand - _cleanupWindowlessSessions - Asynchronous Sessions clean-up phase starting NOW
[INFO  - 2018-08-07T11:18:58.358Z] SessionManagerReqHand - _cleanupWindowlessSessions - Asynchronous Sessions clean-up phase starting NOW
[INFO  - 2018-08-07T11:23:58.358Z] SessionManagerReqHand - _cleanupWindowlessSessions - Asynchronous Sessions clean-up phase starting NOW
[INFO  - 2018-08-07T11:28:58.358Z] SessionManagerReqHand - _cleanupWindowlessSessions - Asynchronous Sessions clean-up phase starting NOW
[INFO  - 2018-08-07T11:33:58.358Z] SessionManagerReqHand - _cleanupWindowlessSessions - Asynchronous Sessions clean-up phase starting NOW
[INFO  - 2018-08-07T11:38:58.358Z] SessionManagerReqHand - _cleanupWindowlessSessions - Asynchronous Sessions clean-up phase starting NOW
[INFO  - 2018-08-07T11:43:58.358Z] SessionManagerReqHand - _cleanupWindowlessSessions - Asynchronous Sessions clean-up phase starting NOW
[INFO  - 2018-08-07T11:48:58.358Z] SessionManagerReqHand - _cleanupWindowlessSessions - Asynchronous Sessions clean-up phase starting NOW
[INFO  - 2018-08-07T11:53:58.358Z] SessionManagerReqHand - _cleanupWindowlessSessions - Asynchronous Sessions clean-up phase starting NOW
[INFO  - 2018-08-07T11:58:58.358Z] SessionManagerReqHand - _cleanupWindowlessSessions - Asynchronous Sessions clean-up phase starting NOW
[INFO  - 2018-08-07T12:03:58.358Z] SessionManagerReqHand - _cleanupWindowlessSessions - Asynchronous Sessions clean-up phase starting NOW
[INFO  - 2018-08-07T12:08:58.358Z] SessionManagerReqHand - _cleanupWindowlessSessions - Asynchronous Sessions clean-up phase starting NOW
[INFO  - 2018-08-07T12:13:58.358Z] SessionManagerReqHand - _cleanupWindowlessSessions - Asynchronous Sessions clean-up phase starting NOW
[INFO  - 2018-08-07T12:18:58.358Z] SessionManagerReqHand - _cleanupWindowlessSessions - Asynchronous Sessions clean-up phase starting NOW
[INFO  - 2018-08-07T12:23:58.358Z] SessionManagerReqHand - _cleanupWindowlessSessions - Asynchronous Sessions clean-up phase starting NOW
[INFO  - 2018-08-07T12:28:58.358Z] SessionManagerReqHand - _cleanupWindowlessSessions - Asynchronous Sessions clean-up phase starting NOW
p phase starting NOW
[INFO  - 2018-08-07T10:00:35.473Z] SessionManagerReqHand - _cleanupWindowlessSessions - Asynchronous Sessions clean-up phase starting NOW
[INFO  - 2018-08-07T10:05:35.473Z] SessionManagerReqHand - _cleanupWindowlessSessions - Asynchronous Sessions clean-up phase starting NOW
[INFO  - 2018-08-07T10:10:35.473Z] SessionManagerReqHand - _cleanupWindowlessSessions - Asynchronous Sessions clean-up phase starting NOW
[INFO  - 2018-08-07T10:15:35.473Z] SessionManagerReqHand - _cleanupWindowlessSessions - Asynchronous Sessions clean-up phase starting NOW
[INFO  - 2018-08-07T10:20:35.473Z] SessionManagerReqHand - _cleanupWindowlessSessions - Asynchronous Sessions clean-up phase starting NOW
[INFO  - 2018-08-07T10:25:35.473Z] SessionManagerReqHand - _cleanupWindowlessSessions - Asynchronous Sessions clean-up phase starting NOW
[INFO  - 2018-08-07T10:30:35.473Z] SessionManagerReqHand - _cleanupWindowlessSessions - Asynchronous Sessions clean-up phase starting NOW
[INFO  - 2018-08-07T10:35:35.473Z] SessionManagerReqHand - _cleanupWindowlessSessions - Asynchronous Sessions clean-up phase starting NOW
[INFO  - 2018-08-07T10:40:35.473Z] SessionManagerReqHand - _cleanupWindowlessSessions - Asynchronous Sessions clean-up phase starting NOW
[INFO  - 2018-08-07T10:45:35.473Z] SessionManagerReqHand - _cleanupWindowlessSessions - Asynchronous Sessions clean-up phase starting NOW
[INFO  - 2018-08-07T10:50:35.473Z] SessionManagerReqHand - _cleanupWindowlessSessions - Asynchronous Sessions clean-up phase starting NOW
[INFO  - 2018-08-07T10:55:35.473Z] SessionManagerReqHand - _cleanupWindowlessSessions - Asynchronous Sessions clean-up phase starting NOW
[INFO  - 2018-08-07T11:00:35.473Z] SessionManagerReqHand - _cleanupWindowlessSessions - Asynchronous Sessions clean-up phase starting NOW
[INFO  - 2018-08-07T11:05:35.473Z] SessionManagerReqHand - _cleanupWindowlessSessions - Asynchronous Sessions clean-up phase starting NOW
[INFO  - 2018-08-07T11:10:35.473Z] SessionManagerReqHand - _cleanupWindowlessSessions - Asynchronous Sessions clean-up phase starting NOW
[INFO  - 2018-08-07T11:15:35.473Z] SessionManagerReqHand - _cleanupWindowlessSessions - Asynchronous Sessions clean-up phase starting NOW
[INFO  - 2018-08-07T11:20:35.473Z] SessionManagerReqHand - _cleanupWindowlessSessions - Asynchronous Sessions clean-up phase starting NOW
[INFO  - 2018-08-07T11:25:35.473Z] SessionManagerReqHand - _cleanupWindowlessSessions - Asynchronous Sessions clean-up phase starting NOW
[INFO  - 2018-08-07T11:30:35.473Z] SessionManagerReqHand - _cleanupWindowlessSessions - Asynchronous Sessions clean-up phase starting NOW
[INFO  - 2018-08-07T11:35:35.473Z] SessionManagerReqHand - _cleanupWindowlessSessions - Asynchronous Sessions clean-up phase starting NOW
[INFO  - 2018-08-07T11:40:35.473Z] SessionManagerReqHand - _cleanupWindowlessSessions - Asynchronous Sessions clean-up phase starting NOW
[INFO  - 2018-08-07T11:45:35.473Z] SessionManagerReqHand - _cleanupWindowlessSessions - Asynchronous Sessions clean-up phase starting NOW
[INFO  - 2018-08-07T11:50:35.473Z] SessionManagerReqHand - _cleanupWindowlessSessions - Asynchronous Sessions clean-up phase starting NOW
[INFO  - 2018-08-07T11:55:35.473Z] SessionManagerReqHand - _cleanupWindowlessSessions - Asynchronous Sessions clean-up phase starting NOW
[INFO  - 2018-08-07T12:00:35.473Z] SessionManagerReqHand - _cleanupWindowlessSessions - Asynchronous Sessions clean-up phase starting NOW
[INFO  - 2018-08-07T12:05:35.473Z] SessionManagerReqHand - _cleanupWindowlessSessions - Asynchronous Sessions clean-up phase starting NOW
[INFO  - 2018-08-07T12:10:35.473Z] SessionManagerReqHand - _cleanupWindowlessSessions - Asynchronous Sessions clean-up phase starting NOW
[INFO  - 2018-08-07T12:15:35.473Z] SessionManagerReqHand - _cleanupWindowlessSessions - Asynchronous Sessions clean-up phase starting NOW
[INFO  - 2018-08-07T12:20:35.473Z] SessionManagerReqHand - _cleanupWindowlessSessions - Asynchronous Sessions clean-up phase starting NOW
[INFO  - 2018-08-07T12:25:35.473Z] SessionManagerReqHand - _cleanupWindowlessSessions - Asynchronous Sessions clean-up phase starting NOW
                                                                                                                                                                                                                                                                                                                                                                                                                                                                                                                                                                                                                                                                                                                                                                                                                                                                                                                                                                                                                                                                                                                                                                                                                                                                                                                                                                                                                                                                                                                                                                                                                                                                                                                                                                                                                                                                                                                                                                                                                                                                                                                                                                                                                                                                                                                                                                                                                                                                                                                                                                                                                                                                                                                                                                                                                                                                                                                                                                                                                                                                                                                                                                                                                                                                                                                                                                                                                                                                                                                                                                                                                                                                                                                                                                                                                                                                                                                                                                                                                                                                                                                                                                                                                                                                                                                                                                                                                                                                                                                                                                                                                                                                                                                                                                                                                                                                                                                                                                  [INFO  - 2018-08-07T09:10:27.358Z] SessionManagerReqHand - _cleanupWindowlessSessions - Asynchronous Sessions clean-up phase starting NOW
[INFO  - 2018-08-07T09:15:27.358Z] SessionManagerReqHand - _cleanupWindowlessSessions - Asynchronous Sessions clean-up phase starting NOW
[INFO  - 2018-08-07T09:20:27.358Z] SessionManagerReqHand - _cleanupWindowlessSessions - Asynchronous Sessions clean-up phase starting NOW
[INFO  - 2018-08-07T09:25:27.358Z] SessionManagerReqHand - _cleanupWindowlessSessions - Asynchronous Sessions clean-up phase starting NOW
[INFO  - 2018-08-07T09:30:27.358Z] SessionManagerReqHand - _cleanupWindowlessSessions - Asynchronous Sessions clean-up phase starting NOW
[INFO  - 2018-08-07T09:35:27.358Z] SessionManagerReqHand - _cleanupWindowlessSessions - Asynchronous Sessions clean-up phase starting NOW
[INFO  - 2018-08-07T09:40:27.358Z] SessionManagerReqHand - _cleanupWindowlessSessions - Asynchronous Sessions clean-up phase starting NOW
[INFO  - 2018-08-07T09:45:27.358Z] SessionManagerReqHand - _cleanupWindowlessSessions - Asynchronous Sessions clean-up phase starting NOW
[INFO  - 2018-08-07T09:50:27.358Z] SessionManagerReqHand - _cleanupWindowlessSessions - Asynchronous Sessions clean-up phase starting NOW
[INFO  - 2018-08-07T09:55:27.358Z] SessionManagerReqHand - _cleanupWindowlessSessions - Asynchronous Sessions clean-up phase starting NOW
[INFO  - 2018-08-07T10:00:27.358Z] SessionManagerReqHand - _cleanupWindowlessSessions - Asynchronous Sessions clean-up phase starting NOW
[INFO  - 2018-08-07T10:05:27.358Z] SessionManagerReqHand - _cleanupWindowlessSessions - Asynchronous Sessions clean-up phase starting NOW
[INFO  - 2018-08-07T10:10:27.358Z] SessionManagerReqHand - _cleanupWindowlessSessions - Asynchronous Sessions clean-up phase starting NOW
[INFO  - 2018-08-07T10:15:27.358Z] SessionManagerReqHand - _cleanupWindowlessSessions - Asynchronous Sessions clean-up phase starting NOW
[INFO  - 2018-08-07T10:20:27.358Z] SessionManagerReqHand - _cleanupWindowlessSessions - Asynchronous Sessions clean-up phase starting NOW
[INFO  - 2018-08-07T10:25:27.358Z] SessionManagerReqHand - _cleanupWindowlessSessions - Asynchronous Sessions clean-up phase starting NOW
[INFO  - 2018-08-07T10:30:27.358Z] SessionManagerReqHand - _cleanupWindowlessSessions - Asynchronous Sessions clean-up phase starting NOW
[INFO  - 2018-08-07T10:35:27.358Z] SessionManagerReqHand - _cleanupWindowlessSessions - Asynchronous Sessions clean-up phase starting NOW
[INFO  - 2018-08-07T10:40:27.358Z] SessionManagerReqHand - _cleanupWindowlessSessions - Asynchronous Sessions clean-up phase starting NOW
[INFO  - 2018-08-07T10:45:27.358Z] SessionManagerReqHand - _cleanupWindowlessSessions - Asynchronous Sessions clean-up phase starting NOW
[INFO  - 2018-08-07T10:50:27.358Z] SessionManagerReqHand - _cleanupWindowlessSessions - Asynchronous Sessions clean-up phase starting NOW
[INFO  - 2018-08-07T10:55:27.358Z] SessionManagerReqHand - _cleanupWindowlessSessions - Asynchronous Sessions clean-up phase starting NOW
[INFO  - 2018-08-07T11:00:27.358Z] SessionManagerReqHand - _cleanupWindowlessSessions - Asynchronous Sessions clean-up phase starting NOW
[INFO  - 2018-08-07T11:05:27.358Z] SessionManagerReqHand - _cleanupWindowlessSessions - Asynchronous Sessions clean-up phase starting NOW
[INFO  - 2018-08-07T11:10:27.359Z] SessionManagerReqHand - _cleanupWindowlessSessions - Asynchronous Sessions clean-up phase starting NOW
[INFO  - 2018-08-07T11:15:27.358Z] SessionManagerReqHand - _cleanupWindowlessSessions - Asynchronous Sessions clean-up phase starting NOW
[INFO  - 2018-08-07T11:20:27.358Z] SessionManagerReqHand - _cleanupWindowlessSessions - Asynchronous Sessions clean-up phase starting NOW
[INFO  - 2018-08-07T11:25:27.358Z] SessionManagerReqHand - _cleanupWindowlessSessions - Asynchronous Sessions clean-up phase starting NOW
[INFO  - 2018-08-07T11:30:27.359Z] SessionManagerReqHand - _cleanupWindowlessSessions - Asynchronous Sessions clean-up phase starting NOW
[INFO  - 2018-08-07T11:35:27.358Z] SessionManagerReqHand - _cleanupWindowlessSessions - Asynchronous Sessions clean-up phase starting NOW
[INFO  - 2018-08-07T11:40:27.358Z] SessionManagerReqHand - _cleanupWindowlessSessions - Asynchronous Sessions clean-up phase starting NOW
[INFO  - 2018-08-07T11:45:27.358Z] SessionManagerReqHand - _cleanupWindowlessSessions - Asynchronous Sessions clean-up phase starting NOW
[INFO  - 2018-08-07T11:50:27.359Z] SessionManagerReqHand - _cleanupWindowlessSessions - Asynchronous Sessions clean-up phase starting NOW
[INFO  - 2018-08-07T11:55:27.361Z] SessionManagerReqHand - _cleanupWindowlessSessions - Asynchronous Sessions clean-up phase starting NOW
[INFO  - 2018-08-07T12:00:27.361Z] SessionManagerReqHand - _cleanupWindowlessSessions - Asynchronous Sessions clean-up phase starting NOW
[INFO  - 2018-08-07T12:05:27.361Z] SessionManagerReqHand - _cleanupWindowlessSessions - Asynchronous Sessions clean-up phase starting NOW
[INFO  - 2018-08-07T12:10:27.361Z] SessionManagerReqHand - _cleanupWindowlessSessions - Asynchronous Sessions clean-up phase starting NOW
[INFO  - 2018-08-07T12:15:27.361Z] SessionManagerReqHand - _cleanupWindowlessSessions - Asynchronous Sessions clean-up phase starting NOW
[INFO  - 2018-08-07T12:20:27.361Z] SessionManagerReqHand - _cleanupWindowlessSessions - Asynchronous Sessions clean-up phase starting NOW
[INFO  - 2018-08-07T12:25:27.361Z] SessionManagerReqHand - _cleanupWindowlessSessions - Asynchronous Sessions clean-up phase starting NOW
[INFO  - 2018-08-07T12:30:27.361Z] SessionManagerReqHand - _cleanupWindowlessSessions - Asynchronous Sessions clean-up phase starting NOW
